Using pre-set license
Built from 'trunk' branch; Version is '6000.0.5f1 (17028576122a) revision 1507973'; Using compiler version '193933522'; Build Type 'Release'
OS: 'Windows 11  (10.0.22631) 64bit Professional' Language: 'en' Physical Memory: 32621 MB
BatchMode: 1, IsHumanControllingUs: 0, StartBugReporterOnCrash: 0, Is64bit: 1, IsPro: 1

COMMAND LINE ARGUMENTS:
C:\Program Files\Unity\Hub\Editor\6000.0.5f1\Editor\Unity.exe
-adb2
-batchMode
-noUpm
-name
AssetImportWorker27
-projectPath
C:/Users/user1/3d zeldaish/Ruin The Runner
-logFile
Logs/AssetImportWorker27.log
-srvPort
53758
-job-worker-count
9
-background-job-worker-count
8
-asset-garbage-collectors
1
Successfully changed project path to: C:/Users/user1/3d zeldaish/Ruin The Runner
C:/Users/user1/3d zeldaish/Ruin The Runner
[UnityMemory] Configuration Parameters - Can be set up in boot.config
    "memorysetup-bucket-allocator-granularity=16"
    "memorysetup-bucket-allocator-bucket-count=8"
    "memorysetup-bucket-allocator-block-size=33554432"
    "memorysetup-bucket-allocator-block-count=8"
    "memorysetup-main-allocator-block-size=16777216"
    "memorysetup-thread-allocator-block-size=16777216"
    "memorysetup-gfx-main-allocator-block-size=16777216"
    "memorysetup-gfx-thread-allocator-block-size=16777216"
    "memorysetup-cache-allocator-block-size=4194304"
    "memorysetup-typetree-allocator-block-size=2097152"
    "memorysetup-profiler-bucket-allocator-granularity=16"
    "memorysetup-profiler-bucket-allocator-bucket-count=8"
    "memorysetup-profiler-bucket-allocator-block-size=33554432"
    "memorysetup-profiler-bucket-allocator-block-count=8"
    "memorysetup-profiler-allocator-block-size=16777216"
    "memorysetup-profiler-editor-allocator-block-size=1048576"
    "memorysetup-temp-allocator-size-main=16777216"
    "memorysetup-job-temp-allocator-block-size=2097152"
    "memorysetup-job-temp-allocator-block-size-background=1048576"
    "memorysetup-job-temp-allocator-reduction-small-platforms=262144"
    "memorysetup-allocator-temp-initial-block-size-main=262144"
    "memorysetup-allocator-temp-initial-block-size-worker=262144"
    "memorysetup-temp-allocator-size-background-worker=32768"
    "memorysetup-temp-allocator-size-job-worker=262144"
    "memorysetup-temp-allocator-size-preload-manager=33554432"
    "memorysetup-temp-allocator-size-nav-mesh-worker=65536"
    "memorysetup-temp-allocator-size-audio-worker=65536"
    "memorysetup-temp-allocator-size-cloud-worker=32768"
    "memorysetup-temp-allocator-size-gi-baking-worker=262144"
    "memorysetup-temp-allocator-size-gi-baking-worker=262144"
    "memorysetup-temp-allocator-size-gi-baking-worker=262144"
    "memorysetup-temp-allocator-size-gi-baking-worker=262144"
    "memorysetup-temp-allocator-size-gi-baking-worker=262144"
    "memorysetup-temp-allocator-size-gfx=262144"
Player connection [41692]  Target information:

Player connection [41692]  * "[IP] 192.168.86.27 [Port] 0 [Flags] 2 [Guid] 792692248 [EditorId] 792692248 [Version] 1048832 [Id] WindowsEditor(7,MotherShip) [Debug] 1 [PackageName] WindowsEditor [ProjectName] Editor" 

Player connection [41692]  * "[IP] 25.13.96.105 [Port] 0 [Flags] 2 [Guid] 792692248 [EditorId] 792692248 [Version] 1048832 [Id] WindowsEditor(7,MotherShip) [Debug] 1 [PackageName] WindowsEditor [ProjectName] Editor" 

Player connection [41692]  * "[IP] 10.241.78.62 [Port] 0 [Flags] 2 [Guid] 792692248 [EditorId] 792692248 [Version] 1048832 [Id] WindowsEditor(7,MotherShip) [Debug] 1 [PackageName] WindowsEditor [ProjectName] Editor" 

Player connection [41692] Host joined multi-casting on [225.0.0.222:54997]...
Player connection [41692] Host joined alternative multi-casting on [225.0.0.222:34997]...
JobSystem: Creating JobQueue using job-worker-count value 9
Library Redirect Path: Library/
[PhysX] Initialized MultithreadedTaskDispatcher with 10 workers.
Refreshing native plugins compatible for Editor in 21.31 ms, found 8 plugins.
Preloading 0 native plugins for Editor in 0.00 ms.
Initialize engine version: 6000.0.5f1 (17028576122a)
[Subsystems] Discovering subsystems at path C:/Program Files/Unity/Hub/Editor/6000.0.5f1/Editor/Data/Resources/UnitySubsystems
[Subsystems] Discovering subsystems at path C:/Users/user1/3d zeldaish/Ruin The Runner/Assets
GfxDevice: creating device client; kGfxThreadingModeNonThreaded
Direct3D:
    Version:         Direct3D 12 [level 12.1]
    Renderer:        NVIDIA GeForce RTX 4060 (ID=0x2882)
    Vendor:          NVIDIA
    VRAM:            7971 MB
    App VRAM Budget: 7203 MB
    Driver:          31.0.15.4633
Initialize mono
Mono path[0] = 'C:/Program Files/Unity/Hub/Editor/6000.0.5f1/Editor/Data/Managed'
Mono path[1] = 'C:/Program Files/Unity/Hub/Editor/6000.0.5f1/Editor/Data/MonoBleedingEdge/lib/mono/unityjit-win32'
Mono config path = 'C:/Program Files/Unity/Hub/Editor/6000.0.5f1/Editor/Data/MonoBleedingEdge/etc'
Using monoOptions --debugger-agent=transport=dt_socket,embedding=1,server=y,suspend=n,address=127.0.0.1:56180
Begin MonoManager ReloadAssembly
Registering precompiled unity dll's ...
Register platform support module: C:/Program Files/Unity/Hub/Editor/6000.0.5f1/Editor/Data/PlaybackEngines/WindowsStandaloneSupport/UnityEditor.WindowsStandalone.Extensions.dll
Registered in 0.002897 seconds.
- Loaded All Assemblies, in  0.913 seconds
Native extension for WindowsStandalone target not found
Mono: successfully reloaded assembly
- Finished resetting the current domain, in  0.419 seconds
Domain Reload Profiling: 1330ms
	BeginReloadAssembly (660ms)
		ExecutionOrderSort (0ms)
		DisableScriptedObjects (0ms)
		BackupInstance (0ms)
		ReleaseScriptingObjects (0ms)
		CreateAndSetChildDomain (2ms)
	RebuildCommonClasses (40ms)
	RebuildNativeTypeToScriptingClass (14ms)
	initialDomainReloadingComplete (54ms)
	LoadAllAssembliesAndSetupDomain (143ms)
		LoadAssemblies (650ms)
		RebuildTransferFunctionScriptingTraits (0ms)
		AnalyzeDomain (141ms)
			TypeCache.Refresh (139ms)
				TypeCache.ScanAssembly (126ms)
			BuildScriptInfoCaches (0ms)
			ResolveRequiredComponents (0ms)
	FinalizeReload (419ms)
		ReleaseScriptCaches (0ms)
		RebuildScriptCaches (0ms)
		SetupLoadedEditorAssemblies (349ms)
			LogAssemblyErrors (0ms)
			InitializePlatformSupportModulesInManaged (27ms)
			SetLoadedEditorAssemblies (5ms)
			BeforeProcessingInitializeOnLoad (4ms)
			ProcessInitializeOnLoadAttributes (158ms)
			ProcessInitializeOnLoadMethodAttributes (154ms)
			AfterProcessingInitializeOnLoad (0ms)
			EditorAssembliesLoaded (0ms)
		ExecutionOrderSort2 (0ms)
		AwakeInstancesAfterBackupRestoration (0ms)
========================================================================
Worker process is ready to serve import requests
Import Worker Mode flag is 0x00
Begin MonoManager ReloadAssembly
- Loaded All Assemblies, in  2.934 seconds
'Packages/com.unity.render-pipelines.high-definition/Editor/Wizard/HDWizard.UIElement.cs' contains partial class of Unity.Object, exactly 1 of the partial classes needs to be in a file with the same filename. This is to know the one that can be referenced from ie. GameObjects
'Packages/com.unity.render-pipelines.high-definition/Editor/Wizard/HDWizard.Configuration.cs' contains partial class of Unity.Object, exactly 1 of the partial classes needs to be in a file with the same filename. This is to know the one that can be referenced from ie. GameObjects
'Packages/com.unity.render-pipelines.high-definition/Editor/Wizard/HDWizard.Window.cs' contains partial class of Unity.Object, exactly 1 of the partial classes needs to be in a file with the same filename. This is to know the one that can be referenced from ie. GameObjects
Refreshing native plugins compatible for Editor in 4.93 ms, found 8 plugins.
Native extension for WindowsStandalone target not found
Package Manager log level set to [2]
[Package Manager] Failed to launch server process. Reason: Unity was launched with the -noUpm command-line argument
[Package Manager] Unable to send message (not connected to server process).
[Package Manager] Cannot connect to Unity Package Manager local server
Refreshing native plugins compatible for Editor in 5.91 ms, found 8 plugins.
[MODES] ModeService[none].Initialize
[MODES] ModeService[none].LoadModes
[MODES] Loading mode Default (0) for mode-current-id-Ruin The Runner
Mirror | mirror-networking.com | discord.gg/N9QVxbM
UnityEngine.Debug:ExtractStackTraceNoAlloc (byte*,int,string)
UnityEngine.StackTraceUtility:ExtractStackTrace ()
UnityEngine.DebugLogHandler:Internal_Log (UnityEngine.LogType,UnityEngine.LogOption,string,UnityEngine.Object)
UnityEngine.DebugLogHandler:LogFormat (UnityEngine.LogType,UnityEngine.Object,string,object[])
UnityEngine.Logger:Log (UnityEngine.LogType,object)
UnityEngine.Debug:Log (object)
Mirror.Welcome:OnInitializeOnLoad () (at Assets/Mirror/Editor/Welcome.cs:18)
System.Reflection.RuntimeMethodInfo:Invoke (object,System.Reflection.BindingFlags,System.Reflection.Binder,object[],System.Globalization.CultureInfo)
System.Reflection.MethodBase:Invoke (object,object[])
UnityEditor.EditorAssemblies:ProcessInitializeOnLoadMethodAttributes ()

(Filename: Assets/Mirror/Editor/Welcome.cs Line: 18)

Mono: successfully reloaded assembly
- Finished resetting the current domain, in  2.019 seconds
Domain Reload Profiling: 4938ms
	BeginReloadAssembly (677ms)
		ExecutionOrderSort (0ms)
		DisableScriptedObjects (6ms)
		BackupInstance (0ms)
		ReleaseScriptingObjects (0ms)
		CreateAndSetChildDomain (35ms)
	RebuildCommonClasses (36ms)
	RebuildNativeTypeToScriptingClass (13ms)
	initialDomainReloadingComplete (47ms)
	LoadAllAssembliesAndSetupDomain (2145ms)
		LoadAssemblies (912ms)
		RebuildTransferFunctionScriptingTraits (0ms)
		AnalyzeDomain (1334ms)
			TypeCache.Refresh (1181ms)
				TypeCache.ScanAssembly (1155ms)
			BuildScriptInfoCaches (132ms)
			ResolveRequiredComponents (16ms)
	FinalizeReload (2020ms)
		ReleaseScriptCaches (0ms)
		RebuildScriptCaches (0ms)
		SetupLoadedEditorAssemblies (1720ms)
			LogAssemblyErrors (0ms)
			InitializePlatformSupportModulesInManaged (3ms)
			SetLoadedEditorAssemblies (5ms)
			BeforeProcessingInitializeOnLoad (84ms)
			ProcessInitializeOnLoadAttributes (727ms)
			ProcessInitializeOnLoadMethodAttributes (896ms)
			AfterProcessingInitializeOnLoad (5ms)
			EditorAssembliesLoaded (0ms)
		ExecutionOrderSort2 (0ms)
		AwakeInstancesAfterBackupRestoration (7ms)
Launched and connected shader compiler UnityShaderCompiler.exe after 0.02 seconds
Refreshing native plugins compatible for Editor in 9.00 ms, found 8 plugins.
Preloading 0 native plugins for Editor in 0.00 ms.
Unloading 499 Unused Serialized files (Serialized files now loaded: 0)
Unloading 9069 unused Assets / (7.2 MB). Loaded Objects now: 10120.
Memory consumption went from 309.6 MB to 302.4 MB.
Total: 21.286000 ms (FindLiveObjects: 2.601000 ms CreateObjectMapping: 1.435500 ms MarkObjects: 11.843000 ms  DeleteObjects: 5.404100 ms)

========================================================================
Received Import Request.
  Time since last request: 186615.314926 seconds.
  path: Assets/ATM/Textures/__auto_111 3.png
  artifactKey: Guid(f9e5a6a6d3d0ac94bb35d500d952e4a8) Importer(815301076,1909f56bfc062723c751e8b465ee728b)
Start importing Assets/ATM/Textures/__auto_111 3.png using Guid(f9e5a6a6d3d0ac94bb35d500d952e4a8) Importer(815301076,1909f56bfc062723c751e8b465ee728b) (PreviewImporter)[PhysX] Initialized MultithreadedTaskDispatcher with 10 workers.
[PhysX] Initialized MultithreadedTaskDispatcher with 10 workers.
 -> (artifact id: '3dc79a3a4f0c25e977b4bdd5d59f6cb1') in 0.1047731 seconds
Number of updated asset objects reloaded before import = 0Number of asset objects unloaded after import = 2

========================================================================
Received Import Request.
  Time since last request: 0.000047 seconds.
  path: Assets/ATM/Textures/__auto_1 1.jpg
  artifactKey: Guid(acd3585477b1c554fb8960d8360f39b4) Importer(815301076,1909f56bfc062723c751e8b465ee728b)
Start importing Assets/ATM/Textures/__auto_1 1.jpg using Guid(acd3585477b1c554fb8960d8360f39b4) Importer(815301076,1909f56bfc062723c751e8b465ee728b) (PreviewImporter)[PhysX] Initialized MultithreadedTaskDispatcher with 10 workers.
[PhysX] Initialized MultithreadedTaskDispatcher with 10 workers.
 -> (artifact id: '761d9389ec3ba569c49ef6dae2e2925e') in 0.0417395 seconds
Number of updated asset objects reloaded before import = 0Number of asset objects unloaded after import = 2

========================================================================
Received Import Request.
  Time since last request: 15.092740 seconds.
  path: Assets/Mirror/Examples/CharacterSelection/Textures/dirtMoon.jpg
  artifactKey: Guid(1d05f8485741f4d4ca94e613ba38db65) Importer(815301076,1909f56bfc062723c751e8b465ee728b)
Start importing Assets/Mirror/Examples/CharacterSelection/Textures/dirtMoon.jpg using Guid(1d05f8485741f4d4ca94e613ba38db65) Importer(815301076,1909f56bfc062723c751e8b465ee728b) (PreviewImporter)[PhysX] Initialized MultithreadedTaskDispatcher with 10 workers.
[PhysX] Initialized MultithreadedTaskDispatcher with 10 workers.
 -> (artifact id: '8145b2744c225e315eb69eccdbce9646') in 0.0186872 seconds
Number of updated asset objects reloaded before import = 0Number of asset objects unloaded after import = 2

========================================================================
Received Import Request.
  Time since last request: 0.000017 seconds.
  path: Assets/Mirror/Transports/Edgegap/edgegap.png
  artifactKey: Guid(3ea6ff15cda674a57b0c7c8b7dc1878c) Importer(815301076,1909f56bfc062723c751e8b465ee728b)
Start importing Assets/Mirror/Transports/Edgegap/edgegap.png using Guid(3ea6ff15cda674a57b0c7c8b7dc1878c) Importer(815301076,1909f56bfc062723c751e8b465ee728b) (PreviewImporter)[PhysX] Initialized MultithreadedTaskDispatcher with 10 workers.
[PhysX] Initialized MultithreadedTaskDispatcher with 10 workers.
 -> (artifact id: '70d7c385119fb587598d27db626665d8') in 0.024761 seconds
Number of updated asset objects reloaded before import = 0Number of asset objects unloaded after import = 2

========================================================================
Received Import Request.
  Time since last request: 0.285224 seconds.
  path: Assets/ATM/items_entities/FLYTCUL1.JPG
  artifactKey: Guid(a64ec9f5d11a11347a701d97c13e6c89) Importer(815301076,1909f56bfc062723c751e8b465ee728b)
Start importing Assets/ATM/items_entities/FLYTCUL1.JPG using Guid(a64ec9f5d11a11347a701d97c13e6c89) Importer(815301076,1909f56bfc062723c751e8b465ee728b) (PreviewImporter)[PhysX] Initialized MultithreadedTaskDispatcher with 10 workers.
[PhysX] Initialized MultithreadedTaskDispatcher with 10 workers.
 -> (artifact id: '4da365dfcac327b785b67d5a83b4130b') in 0.0124514 seconds
Number of updated asset objects reloaded before import = 0Number of asset objects unloaded after import = 2

========================================================================
Received Import Request.
  Time since last request: 0.056396 seconds.
  path: Assets/Materials and Textures/Eye frames/frame_02_delay-0.03s.png
  artifactKey: Guid(64033a532136b8e4cbab65ec29c16f8c) Importer(815301076,1909f56bfc062723c751e8b465ee728b)
Start importing Assets/Materials and Textures/Eye frames/frame_02_delay-0.03s.png using Guid(64033a532136b8e4cbab65ec29c16f8c) Importer(815301076,1909f56bfc062723c751e8b465ee728b) (PreviewImporter)[PhysX] Initialized MultithreadedTaskDispatcher with 10 workers.
[PhysX] Initialized MultithreadedTaskDispatcher with 10 workers.
 -> (artifact id: '2635c6685c3c69522f6f6d639ee96744') in 0.0169489 seconds
Number of updated asset objects reloaded before import = 0Number of asset objects unloaded after import = 2

========================================================================
Received Import Request.
  Time since last request: 0.782543 seconds.
  path: Assets/Materials and Textures/Eye frames/frame_07_delay-0.03s.png
  artifactKey: Guid(a1dd0ac9fd9299b42a11779581753935) Importer(815301076,1909f56bfc062723c751e8b465ee728b)
Start importing Assets/Materials and Textures/Eye frames/frame_07_delay-0.03s.png using Guid(a1dd0ac9fd9299b42a11779581753935) Importer(815301076,1909f56bfc062723c751e8b465ee728b) (PreviewImporter)[PhysX] Initialized MultithreadedTaskDispatcher with 10 workers.
[PhysX] Initialized MultithreadedTaskDispatcher with 10 workers.
 -> (artifact id: '78b91e227a1ab3d1fc7a9ba05710ac4a') in 0.0141078 seconds
Number of updated asset objects reloaded before import = 0Number of asset objects unloaded after import = 2

========================================================================
Received Import Request.
  Time since last request: 0.424507 seconds.
  path: Assets/Materials and Textures/Eye frames/frame_16_delay-0.03s.png
  artifactKey: Guid(72a84a695932c614595fb2632f7c4bbf) Importer(815301076,1909f56bfc062723c751e8b465ee728b)
Start importing Assets/Materials and Textures/Eye frames/frame_16_delay-0.03s.png using Guid(72a84a695932c614595fb2632f7c4bbf) Importer(815301076,1909f56bfc062723c751e8b465ee728b) (PreviewImporter)[PhysX] Initialized MultithreadedTaskDispatcher with 10 workers.
[PhysX] Initialized MultithreadedTaskDispatcher with 10 workers.
 -> (artifact id: '46cc069cff70b99b5a67d95b00dd64cb') in 0.017744 seconds
Number of updated asset objects reloaded before import = 0Number of asset objects unloaded after import = 2

========================================================================
Received Import Request.
  Time since last request: 0.000013 seconds.
  path: Assets/Materials and Textures/Eye frames/frame_21_delay-0.03s.png
  artifactKey: Guid(5932b71b0f5b7b1479c27244ef81f286) Importer(815301076,1909f56bfc062723c751e8b465ee728b)
Start importing Assets/Materials and Textures/Eye frames/frame_21_delay-0.03s.png using Guid(5932b71b0f5b7b1479c27244ef81f286) Importer(815301076,1909f56bfc062723c751e8b465ee728b) (PreviewImporter)[PhysX] Initialized MultithreadedTaskDispatcher with 10 workers.
[PhysX] Initialized MultithreadedTaskDispatcher with 10 workers.
 -> (artifact id: 'c89487adff9d4b105a211b2ce47ee219') in 0.0144765 seconds
Number of updated asset objects reloaded before import = 0Number of asset objects unloaded after import = 2

========================================================================
Received Import Request.
  Time since last request: 0.000021 seconds.
  path: Assets/Materials and Textures/Eye frames/frame_25_delay-0.03s.png
  artifactKey: Guid(514a85d6b7f3aac44b7260b2a4ddbecd) Importer(815301076,1909f56bfc062723c751e8b465ee728b)
Start importing Assets/Materials and Textures/Eye frames/frame_25_delay-0.03s.png using Guid(514a85d6b7f3aac44b7260b2a4ddbecd) Importer(815301076,1909f56bfc062723c751e8b465ee728b) (PreviewImporter)[PhysX] Initialized MultithreadedTaskDispatcher with 10 workers.
[PhysX] Initialized MultithreadedTaskDispatcher with 10 workers.
 -> (artifact id: '0089d470c1dfe6643b76cc61b04f52b8') in 0.0166021 seconds
Number of updated asset objects reloaded before import = 0Number of asset objects unloaded after import = 2

========================================================================
Received Import Request.
  Time since last request: 0.194523 seconds.
  path: Assets/Materials and Textures/Eye frames/frame_34_delay-0.03s.png
  artifactKey: Guid(c5ade1399fc6bbc48ad4156fa982ed45) Importer(815301076,1909f56bfc062723c751e8b465ee728b)
Start importing Assets/Materials and Textures/Eye frames/frame_34_delay-0.03s.png using Guid(c5ade1399fc6bbc48ad4156fa982ed45) Importer(815301076,1909f56bfc062723c751e8b465ee728b) (PreviewImporter)[PhysX] Initialized MultithreadedTaskDispatcher with 10 workers.
[PhysX] Initialized MultithreadedTaskDispatcher with 10 workers.
 -> (artifact id: 'a5d1d2ba1cf45d01428f90b0cd09571b') in 0.0157767 seconds
Number of updated asset objects reloaded before import = 0Number of asset objects unloaded after import = 2

========================================================================
Received Import Request.
  Time since last request: 0.356355 seconds.
  path: Assets/Materials and Textures/Eye frames/frame_43_delay-0.03s.png
  artifactKey: Guid(8572367d8dd13644988aac37fe7bcb11) Importer(815301076,1909f56bfc062723c751e8b465ee728b)
Start importing Assets/Materials and Textures/Eye frames/frame_43_delay-0.03s.png using Guid(8572367d8dd13644988aac37fe7bcb11) Importer(815301076,1909f56bfc062723c751e8b465ee728b) (PreviewImporter)[PhysX] Initialized MultithreadedTaskDispatcher with 10 workers.
[PhysX] Initialized MultithreadedTaskDispatcher with 10 workers.
 -> (artifact id: '6ad71b8f857ce5e2ce5613428083fa16') in 0.0701425 seconds
Number of updated asset objects reloaded before import = 0Number of asset objects unloaded after import = 2

========================================================================
Received Import Request.
  Time since last request: 0.013074 seconds.
  path: Assets/ATM/Textures/futuristic metal diffuse map_tint0x282524FF.png
  artifactKey: Guid(c3123a9f37fe8df42af6755b3aae53d5) Importer(815301076,1909f56bfc062723c751e8b465ee728b)
Start importing Assets/ATM/Textures/futuristic metal diffuse map_tint0x282524FF.png using Guid(c3123a9f37fe8df42af6755b3aae53d5) Importer(815301076,1909f56bfc062723c751e8b465ee728b) (PreviewImporter)[PhysX] Initialized MultithreadedTaskDispatcher with 10 workers.
[PhysX] Initialized MultithreadedTaskDispatcher with 10 workers.
 -> (artifact id: 'ad753359c10ab455b12efdf67616df25') in 0.0133885 seconds
Number of updated asset objects reloaded before import = 0Number of asset objects unloaded after import = 2

========================================================================
Received Import Request.
  Time since last request: 0.000017 seconds.
  path: Assets/ATM/Textures/Green Paver Brick_tint0xBABFAFFF.jpg
  artifactKey: Guid(a821d164c83a15b40b0dde9b8738d312) Importer(815301076,1909f56bfc062723c751e8b465ee728b)
Start importing Assets/ATM/Textures/Green Paver Brick_tint0xBABFAFFF.jpg using Guid(a821d164c83a15b40b0dde9b8738d312) Importer(815301076,1909f56bfc062723c751e8b465ee728b) (PreviewImporter)[PhysX] Initialized MultithreadedTaskDispatcher with 10 workers.
[PhysX] Initialized MultithreadedTaskDispatcher with 10 workers.
 -> (artifact id: 'e00914096ced676ec336ceb671b1e3b3') in 0.0156696 seconds
Number of updated asset objects reloaded before import = 0Number of asset objects unloaded after import = 2

========================================================================
Received Import Request.
  Time since last request: 1.312372 seconds.
  path: Assets/Materials and Textures/Wood_Board_Cork_tint0xD7C973FF.jpg
  artifactKey: Guid(c19afbd8818ebd243a9fe92f2f375070) Importer(815301076,1909f56bfc062723c751e8b465ee728b)
Start importing Assets/Materials and Textures/Wood_Board_Cork_tint0xD7C973FF.jpg using Guid(c19afbd8818ebd243a9fe92f2f375070) Importer(815301076,1909f56bfc062723c751e8b465ee728b) (PreviewImporter)[PhysX] Initialized MultithreadedTaskDispatcher with 10 workers.
[PhysX] Initialized MultithreadedTaskDispatcher with 10 workers.
 -> (artifact id: '343b4eccbf5c471f0a3ee3eda37b4cb3') in 0.0243486 seconds
Number of updated asset objects reloaded before import = 0Number of asset objects unloaded after import = 2

========================================================================
Received Import Request.
  Time since last request: 0.000018 seconds.
  path: Assets/Materials and Textures/Wood_Deck_Worn_tint0xE8E7E2FF.jpg
  artifactKey: Guid(02c484da21568b642994a97f338f50ac) Importer(815301076,1909f56bfc062723c751e8b465ee728b)
Start importing Assets/Materials and Textures/Wood_Deck_Worn_tint0xE8E7E2FF.jpg using Guid(02c484da21568b642994a97f338f50ac) Importer(815301076,1909f56bfc062723c751e8b465ee728b) (PreviewImporter)[PhysX] Initialized MultithreadedTaskDispatcher with 10 workers.
[PhysX] Initialized MultithreadedTaskDispatcher with 10 workers.
 -> (artifact id: '57da8c274ba83071e4b1ded007a6e9e0') in 0.0148349 seconds
Number of updated asset objects reloaded before import = 0Number of asset objects unloaded after import = 2

Editor requested this worker to shutdown with reason: Scaling down because of idle timeout
AssetImportWorker is now disconnected from the server
Process exiting
Exiting without the bug reporter. Application will terminate with return code 0